<?xml version="1.0" encoding="UTF-8"?>
<!-- Generated by org.testng.reporters.JUnitXMLReporter -->
<testsuite ignored="0" hostname="LAPTOP-Q0P8NBKR" failures="0" tests="3" name="Default test" time="0.099" errors="0" timestamp="2023-02-07T12:45:49 IST">
  <testcase classname="pkg1.ForTestNg" name="@BeforeTest OpenBrowser" time="-1.675754149561E9">
    <failure type="org.testng.TestNGException" message="
Parameter &amp;apos;browser&amp;apos; is required by BeforeTest on method OpenBrowser but has not been marked @Optional or defined
in C:\Users\Azhar Patel\AppData\Local\Temp\testng-eclipse-997486635\testng-customsuite.xml">
      <![CDATA[org.testng.TestNGException: 
Parameter 'browser' is required by BeforeTest on method OpenBrowser but has not been marked @Optional or defined
in C:\Users\Azhar Patel\AppData\Local\Temp\testng-eclipse-997486635\testng-customsuite.xml
at org.testng.internal.Parameters.createParams(Parameters.java:270)
at org.testng.internal.Parameters.createParametersForMethod(Parameters.java:358)
at org.testng.internal.Parameters.createParameters(Parameters.java:700)
at org.testng.internal.Parameters.createConfigurationParameters(Parameters.java:168)
at org.testng.internal.ConfigInvoker.invokeConfigurations(ConfigInvoker.java:302)
at org.testng.TestRunner.invokeTestConfigurations(TestRunner.java:637)
at org.testng.TestRunner.beforeRun(TestRunner.java:627)
at org.testng.TestRunner.run(TestRunner.java:589)
at org.testng.SuiteRunner.runTest(SuiteRunner.java:377)
at org.testng.SuiteRunner.runSequentially(SuiteRunner.java:371)
at org.testng.SuiteRunner.privateRun(SuiteRunner.java:332)
at org.testng.SuiteRunner.run(SuiteRunner.java:276)
at org.testng.SuiteRunnerWorker.runSuite(SuiteRunnerWorker.java:53)
at org.testng.SuiteRunnerWorker.run(SuiteRunnerWorker.java:96)
at org.testng.TestNG.runSuitesSequentially(TestNG.java:1212)
at org.testng.TestNG.runSuitesLocally(TestNG.java:1134)
at org.testng.TestNG.runSuites(TestNG.java:1063)
at org.testng.TestNG.run(TestNG.java:1031)
at org.testng.remote.AbstractRemoteTestNG.run(AbstractRemoteTestNG.java:115)
at org.testng.remote.RemoteTestNG.initAndRun(RemoteTestNG.java:251)
at org.testng.remote.RemoteTestNG.main(RemoteTestNG.java:77)
]]>
    </failure>
  </testcase> <!-- @BeforeTest OpenBrowser -->
  <testcase classname="pkg1.ForTestNg" name="@BeforeMethod openSignUp" time="-1.675754149618E9">
    <skipped/>
  </testcase> <!-- @BeforeMethod openSignUp -->
  <testcase classname="pkg1.ForTestNg" name="@AfterMethod closeCurrentTab" time="-1.675754149629E9">
    <skipped/>
  </testcase> <!-- @AfterMethod closeCurrentTab -->
  <testcase classname="pkg1.ForTestNg" name="@BeforeMethod openSignUp" time="-1.675754149641E9">
    <skipped/>
  </testcase> <!-- @BeforeMethod openSignUp -->
  <testcase classname="pkg1.ForTestNg" name="@AfterMethod closeCurrentTab" time="-1.675754149647E9">
    <skipped/>
  </testcase> <!-- @AfterMethod closeCurrentTab -->
  <testcase classname="pkg1.ForTestNg" name="@AfterClass closeAllTab" time="-1.67575414965E9">
    <skipped/>
  </testcase> <!-- @AfterClass closeAllTab -->
  <testcase classname="pkg1.ForTestNg" name="signupPage" time="0.0">
    <skipped/>
  </testcase> <!-- signupPage -->
  <testcase classname="pkg1.ForTestNg" name="privacyPolicy" time="0.0">
    <skipped/>
  </testcase> <!-- privacyPolicy -->
  <testcase classname="pkg1.ForTestNg" name="cookiesPolcy" time="0.0">
    <skipped/>
  </testcase> <!-- cookiesPolcy -->
</testsuite> <!-- Default test -->
